<?xml version="1.0" encoding="UTF-8"?>
<testsuite xmlns:xsi="http://www.w3.org/2001/XMLSchema-instance" xsi:schemaLocation="https://maven.apache.org/surefire/maven-surefire-plugin/xsd/surefire-test-report.xsd" name="com.heyho.demo.vendingmachine.VendingMachineTest" time="0.318" tests="15" errors="0" skipped="0" failures="0">
  <properties>
[...]
</properties>
  <testcase name="testRestockMachine" classname="com.heyho.demo.vendingmachine.VendingMachineTest" time="0.065"/>
  <testcase name="testItemClass" classname="com.heyho.demo.vendingmachine.VendingMachineTest" time="0.017"/>
  <testcase name="testMakeChange" classname="com.heyho.demo.vendingmachine.VendingMachineTest" time="0.072"/>
  <testcase name="testListGoods" classname="com.heyho.demo.vendingmachine.VendingMachineTest" time="0.002"/>
  <testcase name="testCoinClass" classname="com.heyho.demo.vendingmachine.VendingMachineTest" time="0.001"/>
  <testcase name="testVendingMachineClass" classname="com.heyho.demo.vendingmachine.VendingMachineTest" time="0"/>
  <testcase name="testValueInPuchase" classname="com.heyho.demo.vendingmachine.VendingMachineTest" time="0.013"/>
  <testcase name="testDoChange" classname="com.heyho.demo.vendingmachine.VendingMachineTest" time="0.013"/>
  <testcase name="testMainLoop" classname="com.heyho.demo.vendingmachine.VendingMachineTest" time="0.033"/>
  <testcase name="testDoCoin" classname="com.heyho.demo.vendingmachine.VendingMachineTest" time="0.004"/>
  <testcase name="testDoLabel" classname="com.heyho.demo.vendingmachine.VendingMachineTest" time="0.023"/>
  <testcase name="testValueInMachine" classname="com.heyho.demo.vendingmachine.VendingMachineTest" time="0.012"/>
  <testcase name="testItemRowClass" classname="com.heyho.demo.vendingmachine.VendingMachineTest" time="0.001"/>
  <testcase name="testRetrieveRestockGoods" classname="com.heyho.demo.vendingmachine.VendingMachineTest" time="0"/>
  <testcase name="testRetrieveRestockMoney" classname="com.heyho.demo.vendingmachine.VendingMachineTest" time="0"/>
</testsuite>